c:\users\david garcia\documents\proyectos .net\[c++]\interface\interface\src\app\x64\debug\app.pch
c:\users\david garcia\documents\proyectos .net\[c++]\interface\interface\src\app\x64\debug\vc143.pdb
c:\users\david garcia\documents\proyectos .net\[c++]\interface\interface\src\app\x64\debug\pch.obj
c:\users\david garcia\documents\proyectos .net\[c++]\interface\interface\src\app\x64\debug\form1.obj
c:\users\david garcia\documents\proyectos .net\[c++]\interface\interface\src\app\x64\debug\cppclr_winformsproject.obj
c:\users\david garcia\documents\proyectos .net\[c++]\interface\interface\src\app\x64\debug\assemblyinfo.obj
c:\users\david garcia\documents\proyectos .net\[c++]\interface\interface\src\app\x64\debug\.netframework,version=v4.7.2.assemblyattributes.obj
c:\users\david garcia\documents\proyectos .net\[c++]\interface\interface\x64\debug\app.exe
c:\users\david garcia\documents\proyectos .net\[c++]\interface\interface\x64\debug\app.pdb
c:\users\david garcia\documents\proyectos .net\[c++]\interface\interface\src\app\x64\debug\app.res
c:\users\david garcia\documents\proyectos .net\[c++]\interface\interface\src\app\x64\debug\app.tlog\cl.command.1.tlog
c:\users\david garcia\documents\proyectos .net\[c++]\interface\interface\src\app\x64\debug\app.tlog\cl.items.tlog
c:\users\david garcia\documents\proyectos .net\[c++]\interface\interface\src\app\x64\debug\app.tlog\cl.read.1.tlog
c:\users\david garcia\documents\proyectos .net\[c++]\interface\interface\src\app\x64\debug\app.tlog\cl.write.1.tlog
c:\users\david garcia\documents\proyectos .net\[c++]\interface\interface\src\app\x64\debug\app.tlog\link.command.1.tlog
c:\users\david garcia\documents\proyectos .net\[c++]\interface\interface\src\app\x64\debug\app.tlog\link.read.1.tlog
c:\users\david garcia\documents\proyectos .net\[c++]\interface\interface\src\app\x64\debug\app.tlog\link.write.1.tlog
c:\users\david garcia\documents\proyectos .net\[c++]\interface\interface\src\app\x64\debug\app.tlog\metagen.read.1.tlog
c:\users\david garcia\documents\proyectos .net\[c++]\interface\interface\src\app\x64\debug\app.tlog\metagen.write.1.tlog
c:\users\david garcia\documents\proyectos .net\[c++]\interface\interface\src\app\x64\debug\app.tlog\rc.command.1.tlog
c:\users\david garcia\documents\proyectos .net\[c++]\interface\interface\src\app\x64\debug\app.tlog\rc.read.1.tlog
c:\users\david garcia\documents\proyectos .net\[c++]\interface\interface\src\app\x64\debug\app.tlog\rc.write.1.tlog
c:\users\david garcia\documents\proyectos .net\[c++]\interface\interface\src\app\x64\debug\app.tlog\resgen.command.1.tlog
c:\users\david garcia\documents\proyectos .net\[c++]\interface\interface\src\app\x64\debug\app.tlog\resgen.read.1.tlog
c:\users\david garcia\documents\proyectos .net\[c++]\interface\interface\src\app\x64\debug\app.tlog\resgen.write.1.tlog
